2026/02/23 23:21:04 WARN Using default admin code - set ADMIN_CODE for production
time=2026-02-23T23:21:04.254-06:00 level=INFO msg="Starting Secure Server (HTTPS)" addr=:8080
time=2026-02-23T23:21:04.254-06:00 level=INFO msg="[Background] Service started. Ticking every 1 hour."

   ____    __
  / __/___/ /  ___
 / _// __/ _ \/ _ \
/___/\__/_//_/\___/ v4.15.0
High performance, minimalist Go web framework
https://echo.labstack.com
____________________________________O/_______
                                    O\
time=2026-02-23T23:21:04.255-06:00 level=INFO msg="[Background] Expired listings" count=20
⇨ https server started on [::]:8080
echo: http: TLS handshake error from [::1]:53045: remote error: tls: unknown certificate
echo: http: TLS handshake error from [::1]:53046: remote error: tls: unknown certificate
echo: http: TLS handshake error from [::1]:53082: remote error: tls: unknown certificate
echo: http: TLS handshake error from [::1]:53106: remote error: tls: unknown certificate
time=2026-02-23T23:29:58.933-06:00 level=ERROR msg="Request failed" request_id="" error="code=404, message=Listing not found"
echo: http: TLS handshake error from [::1]:54730: remote error: tls: unknown certificate
echo: http: TLS handshake error from [::1]:54729: remote error: tls: unknown certificate
